2023-04-12 16:22:31,109 - __main__ - INFO - Beginning graph construction...
2023-04-12 16:22:45,668 - __main__ - INFO - Node wd:Q213777 processed.
2023-04-12 16:22:45,668 - __main__ - INFO - 1 / 25 nodes processed.
2023-04-12 16:23:02,987 - __main__ - INFO - Node wd:Q10817602 processed.
2023-04-12 16:23:02,989 - __main__ - INFO - 2 / 25 nodes processed.
2023-04-12 16:23:19,417 - __main__ - INFO - Node wd:Q501566 processed.
2023-04-12 16:23:19,419 - __main__ - INFO - 3 / 25 nodes processed.
2023-04-12 16:23:42,980 - __main__ - INFO - Node wd:Q218802 processed.
2023-04-12 16:23:42,992 - __main__ - INFO - 4 / 25 nodes processed.
2023-04-12 16:23:59,688 - __main__ - INFO - Node wd:Q4227301 processed.
2023-04-12 16:23:59,688 - __main__ - INFO - 5 / 25 nodes processed.
2023-04-12 16:24:15,649 - __main__ - INFO - Node wd:Q217541 processed.
2023-04-12 16:24:15,649 - __main__ - INFO - 6 / 25 nodes processed.
2023-04-12 16:24:31,523 - __main__ - INFO - Node wd:Q38132106 processed.
2023-04-12 16:24:31,523 - __main__ - INFO - 7 / 25 nodes processed.
2023-04-12 16:24:52,093 - __main__ - INFO - Node wd:Q38675 processed.
2023-04-12 16:24:52,094 - __main__ - INFO - 8 / 25 nodes processed.
2023-04-12 16:25:09,970 - __main__ - INFO - Node wd:Q193234 processed.
2023-04-12 16:25:09,972 - __main__ - INFO - 9 / 25 nodes processed.
2023-04-12 16:25:26,103 - __main__ - INFO - Node wd:Q672890 processed.
2023-04-12 16:25:26,103 - __main__ - INFO - 10 / 25 nodes processed.
2023-04-12 16:25:57,599 - __main__ - WARNING - Query for wd:Q18498 failed. Likely due to timeout. Trying again...
2023-04-12 16:26:11,063 - __main__ - INFO - Node wd:Q18498 processed.
2023-04-12 16:26:11,063 - __main__ - INFO - 11 / 25 nodes processed.
2023-04-12 16:26:27,464 - __main__ - INFO - Node wd:Q2500468 processed.
2023-04-12 16:26:27,464 - __main__ - INFO - 12 / 25 nodes processed.
2023-04-12 16:26:43,845 - __main__ - INFO - Node wd:Q170285 processed.
2023-04-12 16:26:43,845 - __main__ - INFO - 13 / 25 nodes processed.
2023-04-12 16:26:59,907 - __main__ - INFO - Node wd:Q1136834 processed.
2023-04-12 16:26:59,907 - __main__ - INFO - 14 / 25 nodes processed.
2023-04-12 16:27:17,506 - __main__ - INFO - Node wd:Q11022 processed.
2023-04-12 16:27:17,506 - __main__ - INFO - 15 / 25 nodes processed.
2023-04-12 16:27:33,785 - __main__ - INFO - Node wd:Q25397898 processed.
2023-04-12 16:27:33,785 - __main__ - INFO - 16 / 25 nodes processed.
2023-04-12 16:27:58,673 - __main__ - INFO - Node wd:Q188877 processed.
2023-04-12 16:27:58,673 - __main__ - INFO - 17 / 25 nodes processed.
2023-04-12 16:28:15,370 - __main__ - INFO - Node wd:Q14920412 processed.
2023-04-12 16:28:15,370 - __main__ - INFO - 18 / 25 nodes processed.
2023-04-12 16:28:33,259 - __main__ - INFO - Node wd:Q11009 processed.
2023-04-12 16:28:33,259 - __main__ - INFO - 19 / 25 nodes processed.
2023-04-12 16:28:50,353 - __main__ - INFO - Node wd:Q734870 processed.
2023-04-12 16:28:50,353 - __main__ - INFO - 20 / 25 nodes processed.
2023-04-12 16:29:05,961 - __main__ - INFO - Node wd:Q1160505 processed.
2023-04-12 16:29:05,961 - __main__ - INFO - 21 / 25 nodes processed.
2023-04-12 16:29:30,013 - __main__ - INFO - Node wd:Q21206 processed.
2023-04-12 16:29:30,013 - __main__ - INFO - 22 / 25 nodes processed.
2023-04-12 16:29:48,013 - __main__ - INFO - Node wd:Q1165686 processed.
2023-04-12 16:29:48,013 - __main__ - INFO - 23 / 25 nodes processed.
2023-04-12 16:30:04,622 - __main__ - INFO - Node wd:Q18545 processed.
2023-04-12 16:30:04,622 - __main__ - INFO - 24 / 25 nodes processed.
2023-04-12 16:30:23,265 - __main__ - INFO - Node wd:Q203868 processed.
2023-04-12 16:30:23,265 - __main__ - INFO - 25 / 25 nodes processed.
2023-04-12 16:30:26,269 - __main__ - INFO - Processing complete.
