2023-04-12 15:09:16,010 - __main__ - INFO - Beginning graph construction...
2023-04-12 15:09:28,282 - __main__ - INFO - Node wd:Q622416 processed.
2023-04-12 15:09:28,282 - __main__ - INFO - 1 / 200 nodes processed.
2023-04-12 15:09:43,873 - __main__ - INFO - Node wd:Q570 processed.
2023-04-12 15:09:43,873 - __main__ - INFO - 2 / 200 nodes processed.
2023-04-12 15:10:02,681 - __main__ - INFO - Node wd:Q371028 processed.
2023-04-12 15:10:02,681 - __main__ - INFO - 3 / 200 nodes processed.
2023-04-12 15:10:17,643 - __main__ - INFO - Node wd:Q1072900 processed.
2023-04-12 15:10:17,643 - __main__ - INFO - 4 / 200 nodes processed.
2023-04-12 15:10:33,581 - __main__ - INFO - Node wd:Q12493 processed.
2023-04-12 15:10:33,581 - __main__ - INFO - 5 / 200 nodes processed.
2023-04-12 15:10:50,613 - __main__ - INFO - Node wd:Q37803 processed.
2023-04-12 15:10:50,613 - __main__ - INFO - 6 / 200 nodes processed.
2023-04-12 15:11:09,732 - __main__ - INFO - Node wd:Q653 processed.
2023-04-12 15:11:09,732 - __main__ - INFO - 7 / 200 nodes processed.
2023-04-12 15:11:25,071 - __main__ - INFO - Node wd:Q213477 processed.
2023-04-12 15:11:25,071 - __main__ - INFO - 8 / 200 nodes processed.
2023-04-12 15:11:42,547 - __main__ - INFO - Node wd:Q503 processed.
2023-04-12 15:11:42,547 - __main__ - INFO - 9 / 200 nodes processed.
2023-04-12 15:11:57,924 - __main__ - INFO - Node wd:Q161520 processed.
2023-04-12 15:11:57,924 - __main__ - INFO - 10 / 200 nodes processed.
2023-04-12 15:12:13,510 - __main__ - INFO - Node wd:Q219035 processed.
2023-04-12 15:12:13,510 - __main__ - INFO - 11 / 200 nodes processed.
2023-04-12 15:12:28,525 - __main__ - INFO - Node wd:Q381155 processed.
2023-04-12 15:12:28,525 - __main__ - INFO - 12 / 200 nodes processed.
2023-04-12 15:12:43,650 - __main__ - INFO - Node wd:Q171888 processed.
2023-04-12 15:12:43,650 - __main__ - INFO - 13 / 200 nodes processed.
2023-04-12 15:13:00,023 - __main__ - INFO - Node wd:Q81103 processed.
2023-04-12 15:13:00,023 - __main__ - INFO - 14 / 200 nodes processed.
2023-04-12 15:13:16,143 - __main__ - INFO - Node wd:Q132576 processed.
2023-04-12 15:13:16,143 - __main__ - INFO - 15 / 200 nodes processed.
2023-04-12 15:13:31,470 - __main__ - INFO - Node wd:Q748448 processed.
2023-04-12 15:13:31,470 - __main__ - INFO - 16 / 200 nodes processed.
2023-04-12 15:13:48,637 - __main__ - INFO - Node wd:Q27066 processed.
2023-04-12 15:13:48,637 - __main__ - INFO - 17 / 200 nodes processed.
2023-04-12 15:14:04,328 - __main__ - INFO - Node wd:Q189233 processed.
2023-04-12 15:14:04,328 - __main__ - INFO - 18 / 200 nodes processed.
2023-04-12 15:14:24,680 - __main__ - INFO - Node wd:Q38820 processed.
2023-04-12 15:14:24,680 - __main__ - INFO - 19 / 200 nodes processed.
2023-04-12 15:14:39,326 - __main__ - INFO - Node wd:Q43604020 processed.
2023-04-12 15:14:39,326 - __main__ - INFO - 20 / 200 nodes processed.
2023-04-12 15:14:57,252 - __main__ - INFO - Node wd:Q192754 processed.
2023-04-12 15:14:57,252 - __main__ - INFO - 21 / 200 nodes processed.
2023-04-12 15:15:12,946 - __main__ - INFO - Node wd:Q980655 processed.
2023-04-12 15:15:12,946 - __main__ - INFO - 22 / 200 nodes processed.
2023-04-12 15:15:28,012 - __main__ - INFO - Node wd:Q30178 processed.
2023-04-12 15:15:28,012 - __main__ - INFO - 23 / 200 nodes processed.
2023-04-12 15:15:43,453 - __main__ - INFO - Node wd:Q622880 processed.
2023-04-12 15:15:43,453 - __main__ - INFO - 24 / 200 nodes processed.
2023-04-12 15:16:01,291 - __main__ - INFO - Node wd:Q3914781 processed.
2023-04-12 15:16:01,291 - __main__ - INFO - 25 / 200 nodes processed.
2023-04-12 15:16:16,714 - __main__ - INFO - Node wd:Q4243098 processed.
2023-04-12 15:16:16,714 - __main__ - INFO - 26 / 200 nodes processed.
2023-04-12 15:16:37,984 - __main__ - INFO - Node wd:Q390823 processed.
2023-04-12 15:16:37,984 - __main__ - INFO - 27 / 200 nodes processed.
2023-04-12 15:16:53,641 - __main__ - INFO - Node wd:Q1444534 processed.
2023-04-12 15:16:53,641 - __main__ - INFO - 28 / 200 nodes processed.
2023-04-12 15:17:08,807 - __main__ - INFO - Node wd:Q1225105 processed.
2023-04-12 15:17:08,807 - __main__ - INFO - 29 / 200 nodes processed.
2023-04-12 15:17:23,869 - __main__ - INFO - Node wd:Q1354040 processed.
2023-04-12 15:17:23,869 - __main__ - INFO - 30 / 200 nodes processed.
2023-04-12 15:17:43,276 - __main__ - INFO - Node wd:Q25294 processed.
2023-04-12 15:17:43,276 - __main__ - INFO - 31 / 200 nodes processed.
2023-04-12 15:17:59,235 - __main__ - INFO - Node wd:Q38904 processed.
2023-04-12 15:17:59,235 - __main__ - INFO - 32 / 200 nodes processed.
2023-04-12 15:18:26,792 - __main__ - INFO - Node wd:Q127216 processed.
2023-04-12 15:18:26,792 - __main__ - INFO - 33 / 200 nodes processed.
2023-04-12 15:18:41,700 - __main__ - INFO - Node wd:Q1796937 processed.
2023-04-12 15:18:41,700 - __main__ - INFO - 34 / 200 nodes processed.
2023-04-12 15:18:59,631 - __main__ - INFO - Node wd:Q188029 processed.
2023-04-12 15:18:59,631 - __main__ - INFO - 35 / 200 nodes processed.
2023-04-12 15:19:14,724 - __main__ - INFO - Node wd:Q29000394 processed.
2023-04-12 15:19:14,724 - __main__ - INFO - 36 / 200 nodes processed.
2023-04-12 15:19:31,240 - __main__ - INFO - Node wd:Q42861 processed.
2023-04-12 15:19:31,240 - __main__ - INFO - 37 / 200 nodes processed.
2023-04-12 15:19:46,147 - __main__ - INFO - Node wd:Q47493881 processed.
2023-04-12 15:19:46,147 - __main__ - INFO - 38 / 200 nodes processed.
2023-04-12 15:20:10,104 - __main__ - INFO - Node wd:Q37550 processed.
2023-04-12 15:20:10,104 - __main__ - INFO - 39 / 200 nodes processed.
2023-04-12 15:20:25,698 - __main__ - INFO - Node wd:Q20463 processed.
2023-04-12 15:20:25,698 - __main__ - INFO - 40 / 200 nodes processed.
2023-04-12 15:20:41,005 - __main__ - INFO - Node wd:Q16875637 processed.
2023-04-12 15:20:41,005 - __main__ - INFO - 41 / 200 nodes processed.
2023-04-12 15:20:56,434 - __main__ - INFO - Node wd:Q1953597 processed.
2023-04-12 15:20:56,434 - __main__ - INFO - 42 / 200 nodes processed.
2023-04-12 15:21:11,881 - __main__ - INFO - Node wd:Q39491 processed.
2023-04-12 15:21:11,881 - __main__ - INFO - 43 / 200 nodes processed.
2023-04-12 15:21:28,264 - __main__ - INFO - Node wd:Q180987 processed.
2023-04-12 15:21:28,264 - __main__ - INFO - 44 / 200 nodes processed.
2023-04-12 15:21:45,255 - __main__ - INFO - Node wd:Q131704 processed.
2023-04-12 15:21:45,255 - __main__ - INFO - 45 / 200 nodes processed.
2023-04-12 15:22:00,577 - __main__ - INFO - Node wd:Q21980641 processed.
2023-04-12 15:22:00,577 - __main__ - INFO - 46 / 200 nodes processed.
2023-04-12 15:22:22,413 - __main__ - INFO - Node wd:Q57216 processed.
2023-04-12 15:22:22,413 - __main__ - INFO - 47 / 200 nodes processed.
2023-04-12 15:22:38,495 - __main__ - INFO - Node wd:Q3895873 processed.
2023-04-12 15:22:38,495 - __main__ - INFO - 48 / 200 nodes processed.
2023-04-12 15:22:53,824 - __main__ - INFO - Node wd:Q1139975 processed.
2023-04-12 15:22:53,824 - __main__ - INFO - 49 / 200 nodes processed.
2023-04-12 15:23:10,131 - __main__ - INFO - Node wd:Q536135 processed.
2023-04-12 15:23:10,131 - __main__ - INFO - 50 / 200 nodes processed.
2023-04-12 15:23:25,454 - __main__ - INFO - Node wd:Q39322 processed.
2023-04-12 15:23:25,454 - __main__ - INFO - 51 / 200 nodes processed.
2023-04-12 15:23:40,913 - __main__ - INFO - Node wd:Q39047 processed.
2023-04-12 15:23:40,913 - __main__ - INFO - 52 / 200 nodes processed.
2023-04-12 15:23:56,292 - __main__ - INFO - Node wd:Q170124 processed.
2023-04-12 15:23:56,292 - __main__ - INFO - 53 / 200 nodes processed.
2023-04-12 15:24:14,728 - __main__ - INFO - Node wd:Q181871 processed.
2023-04-12 15:24:14,728 - __main__ - INFO - 54 / 200 nodes processed.
2023-04-12 15:24:30,186 - __main__ - INFO - Node wd:Q19816406 processed.
2023-04-12 15:24:30,186 - __main__ - INFO - 55 / 200 nodes processed.
2023-04-12 15:24:48,135 - __main__ - INFO - Node wd:Q220328 processed.
2023-04-12 15:24:48,135 - __main__ - INFO - 56 / 200 nodes processed.
2023-04-12 15:25:03,780 - __main__ - INFO - Node wd:Q200724 processed.
2023-04-12 15:25:03,780 - __main__ - INFO - 57 / 200 nodes processed.
2023-04-12 15:25:19,053 - __main__ - INFO - Node wd:Q692104 processed.
2023-04-12 15:25:19,053 - __main__ - INFO - 58 / 200 nodes processed.
2023-04-12 15:25:34,310 - __main__ - INFO - Node wd:Q974850 processed.
2023-04-12 15:25:34,310 - __main__ - INFO - 59 / 200 nodes processed.
2023-04-12 15:25:51,820 - __main__ - INFO - Node wd:Q155878 processed.
2023-04-12 15:25:51,820 - __main__ - INFO - 60 / 200 nodes processed.
2023-04-12 15:26:10,391 - __main__ - INFO - Node wd:Q38121 processed.
2023-04-12 15:26:10,391 - __main__ - INFO - 61 / 200 nodes processed.
2023-04-12 15:26:26,734 - __main__ - INFO - Node wd:Q1476343 processed.
2023-04-12 15:26:26,734 - __main__ - INFO - 62 / 200 nodes processed.
2023-04-12 15:26:57,442 - __main__ - INFO - Node wd:Q35255 processed.
2023-04-12 15:26:57,444 - __main__ - INFO - 63 / 200 nodes processed.
2023-04-12 15:27:13,259 - __main__ - INFO - Node wd:Q785480 processed.
2023-04-12 15:27:13,259 - __main__ - INFO - 64 / 200 nodes processed.
2023-04-12 15:27:31,326 - __main__ - INFO - Node wd:Q15680 processed.
2023-04-12 15:27:31,326 - __main__ - INFO - 65 / 200 nodes processed.
2023-04-12 15:27:46,627 - __main__ - INFO - Node wd:Q7440127 processed.
2023-04-12 15:27:46,627 - __main__ - INFO - 66 / 200 nodes processed.
2023-04-12 15:28:02,063 - __main__ - INFO - Node wd:Q590283 processed.
2023-04-12 15:28:02,063 - __main__ - INFO - 67 / 200 nodes processed.
2023-04-12 15:28:05,187 - __main__ - WARNING - Query for wd:Q38115 failed. Likely due to timeout. Trying again...
2023-04-12 15:28:20,078 - __main__ - INFO - Node wd:Q38115 processed.
2023-04-12 15:28:20,078 - __main__ - INFO - 68 / 200 nodes processed.
2023-04-12 15:28:35,764 - __main__ - INFO - Node wd:Q39122 processed.
2023-04-12 15:28:35,764 - __main__ - INFO - 69 / 200 nodes processed.
2023-04-12 15:28:51,254 - __main__ - INFO - Node wd:Q47487920 processed.
2023-04-12 15:28:51,254 - __main__ - INFO - 70 / 200 nodes processed.
2023-04-12 15:29:19,394 - __main__ - INFO - Node wd:Q4126704 processed.
2023-04-12 15:29:19,396 - __main__ - INFO - 71 / 200 nodes processed.
2023-04-12 15:29:36,187 - __main__ - INFO - Node wd:Q745751 processed.
2023-04-12 15:29:36,187 - __main__ - INFO - 72 / 200 nodes processed.
2023-04-12 15:29:51,046 - __main__ - INFO - Node wd:Q1888786 processed.
2023-04-12 15:29:51,046 - __main__ - INFO - 73 / 200 nodes processed.
2023-04-12 15:30:07,135 - __main__ - INFO - Node wd:Q208322 processed.
2023-04-12 15:30:07,135 - __main__ - INFO - 74 / 200 nodes processed.
2023-04-12 15:30:23,292 - __main__ - INFO - Node wd:Q1475429 processed.
2023-04-12 15:30:23,292 - __main__ - INFO - 75 / 200 nodes processed.
2023-04-12 15:30:43,911 - __main__ - INFO - Node wd:Q11292 processed.
2023-04-12 15:30:43,911 - __main__ - INFO - 76 / 200 nodes processed.
2023-04-12 15:31:03,792 - __main__ - INFO - Node wd:Q19413 processed.
2023-04-12 15:31:03,792 - __main__ - INFO - 77 / 200 nodes processed.
2023-04-12 15:31:24,359 - __main__ - INFO - Node wd:Q80793 processed.
2023-04-12 15:31:24,359 - __main__ - INFO - 78 / 200 nodes processed.
2023-04-12 15:31:41,403 - __main__ - INFO - Node wd:Q1196071 processed.
2023-04-12 15:31:41,403 - __main__ - INFO - 79 / 200 nodes processed.
2023-04-12 15:31:56,926 - __main__ - INFO - Node wd:Q15148 processed.
2023-04-12 15:31:56,926 - __main__ - INFO - 80 / 200 nodes processed.
2023-04-12 15:32:13,146 - __main__ - INFO - Node wd:Q2998811 processed.
2023-04-12 15:32:13,146 - __main__ - INFO - 81 / 200 nodes processed.
2023-04-12 15:32:28,892 - __main__ - INFO - Node wd:Q21824 processed.
2023-04-12 15:32:28,894 - __main__ - INFO - 82 / 200 nodes processed.
2023-04-12 15:32:50,654 - __main__ - INFO - Node wd:Q623169 processed.
2023-04-12 15:32:50,654 - __main__ - INFO - 83 / 200 nodes processed.
2023-04-12 15:33:19,429 - __main__ - INFO - Node wd:Q127666 processed.
2023-04-12 15:33:19,429 - __main__ - INFO - 84 / 200 nodes processed.
2023-04-12 15:33:34,249 - __main__ - INFO - Node wd:Q839818 processed.
2023-04-12 15:33:34,249 - __main__ - INFO - 85 / 200 nodes processed.
2023-04-12 15:33:52,789 - __main__ - INFO - Node wd:Q132397 processed.
2023-04-12 15:33:52,789 - __main__ - INFO - 86 / 200 nodes processed.
2023-04-12 15:34:08,375 - __main__ - INFO - Node wd:Q764797 processed.
2023-04-12 15:34:08,375 - __main__ - INFO - 87 / 200 nodes processed.
2023-04-12 15:34:24,282 - __main__ - INFO - Node wd:Q33612712 processed.
2023-04-12 15:34:24,282 - __main__ - INFO - 88 / 200 nodes processed.
2023-04-12 15:34:40,624 - __main__ - INFO - Node wd:Q2704229 processed.
2023-04-12 15:34:40,624 - __main__ - INFO - 89 / 200 nodes processed.
2023-04-12 15:34:56,467 - __main__ - INFO - Node wd:Q1349227 processed.
2023-04-12 15:34:56,467 - __main__ - INFO - 90 / 200 nodes processed.
2023-04-12 15:35:14,210 - __main__ - INFO - Node wd:Q8004 processed.
2023-04-12 15:35:14,210 - __main__ - INFO - 91 / 200 nodes processed.
2023-04-12 15:35:36,609 - __main__ - INFO - Node wd:Q188212 processed.
2023-04-12 15:35:36,609 - __main__ - INFO - 92 / 200 nodes processed.
2023-04-12 15:35:52,625 - __main__ - INFO - Node wd:Q37888 processed.
2023-04-12 15:35:52,627 - __main__ - INFO - 93 / 200 nodes processed.
2023-04-12 15:36:08,451 - __main__ - INFO - Node wd:Q606777 processed.
2023-04-12 15:36:08,451 - __main__ - INFO - 94 / 200 nodes processed.
2023-04-12 15:36:25,077 - __main__ - INFO - Node wd:Q79757 processed.
2023-04-12 15:36:25,077 - __main__ - INFO - 95 / 200 nodes processed.
2023-04-12 15:36:41,961 - __main__ - INFO - Node wd:Q36611 processed.
2023-04-12 15:36:41,961 - __main__ - INFO - 96 / 200 nodes processed.
2023-04-12 15:36:57,657 - __main__ - INFO - Node wd:Q922205 processed.
2023-04-12 15:36:57,657 - __main__ - INFO - 97 / 200 nodes processed.
2023-04-12 15:37:13,797 - __main__ - INFO - Node wd:Q49013 processed.
2023-04-12 15:37:13,797 - __main__ - INFO - 98 / 200 nodes processed.
2023-04-12 15:37:29,042 - __main__ - INFO - Node wd:Q745105 processed.
2023-04-12 15:37:29,042 - __main__ - INFO - 99 / 200 nodes processed.
2023-04-12 15:37:46,275 - __main__ - INFO - Node wd:Q47369 processed.
2023-04-12 15:37:46,275 - __main__ - INFO - 100 / 200 nodes processed.
2023-04-12 15:38:02,465 - __main__ - INFO - Node wd:Q7220961 processed.
2023-04-12 15:38:02,465 - __main__ - INFO - 101 / 200 nodes processed.
2023-04-12 15:38:19,794 - __main__ - INFO - Node wd:Q208364 processed.
2023-04-12 15:38:19,794 - __main__ - INFO - 102 / 200 nodes processed.
2023-04-12 15:38:35,383 - __main__ - INFO - Node wd:Q37851 processed.
2023-04-12 15:38:35,383 - __main__ - INFO - 103 / 200 nodes processed.
2023-04-12 15:38:51,957 - __main__ - INFO - Node wd:Q941081 processed.
2023-04-12 15:38:51,957 - __main__ - INFO - 104 / 200 nodes processed.
2023-04-12 15:39:08,473 - __main__ - INFO - Node wd:Q37077 processed.
2023-04-12 15:39:08,473 - __main__ - INFO - 105 / 200 nodes processed.
2023-04-12 15:39:23,876 - __main__ - INFO - Node wd:Q516844 processed.
2023-04-12 15:39:23,876 - __main__ - INFO - 106 / 200 nodes processed.
2023-04-12 15:39:46,673 - __main__ - INFO - Node wd:Q177 processed.
2023-04-12 15:39:46,673 - __main__ - INFO - 107 / 200 nodes processed.
2023-04-12 15:40:03,069 - __main__ - INFO - Node wd:Q179904 processed.
2023-04-12 15:40:03,069 - __main__ - INFO - 108 / 200 nodes processed.
2023-04-12 15:40:18,546 - __main__ - INFO - Node wd:Q907099 processed.
2023-04-12 15:40:18,546 - __main__ - INFO - 109 / 200 nodes processed.
2023-04-12 15:40:35,971 - __main__ - INFO - Node wd:Q2735883 processed.
2023-04-12 15:40:35,971 - __main__ - INFO - 110 / 200 nodes processed.
2023-04-12 15:40:53,770 - __main__ - INFO - Node wd:Q105507 processed.
2023-04-12 15:40:53,770 - __main__ - INFO - 111 / 200 nodes processed.
2023-04-12 15:41:10,132 - __main__ - INFO - Node wd:Q81714 processed.
2023-04-12 15:41:10,132 - __main__ - INFO - 112 / 200 nodes processed.
2023-04-12 15:41:25,225 - __main__ - INFO - Node wd:Q3500725 processed.
2023-04-12 15:41:25,225 - __main__ - INFO - 113 / 200 nodes processed.
2023-04-12 15:41:43,187 - __main__ - INFO - Node wd:Q11404 processed.
2023-04-12 15:41:43,187 - __main__ - INFO - 114 / 200 nodes processed.
2023-04-12 15:41:59,054 - __main__ - INFO - Node wd:Q41317 processed.
2023-04-12 15:41:59,054 - __main__ - INFO - 115 / 200 nodes processed.
2023-04-12 15:42:15,535 - __main__ - INFO - Node wd:Q7391 processed.
2023-04-12 15:42:15,535 - __main__ - INFO - 116 / 200 nodes processed.
2023-04-12 15:42:32,495 - __main__ - INFO - Node wd:Q828361 processed.
2023-04-12 15:42:32,495 - __main__ - INFO - 117 / 200 nodes processed.
2023-04-12 15:42:50,033 - __main__ - INFO - Node wd:Q190858 processed.
2023-04-12 15:42:50,034 - __main__ - INFO - 118 / 200 nodes processed.
2023-04-12 15:43:08,830 - __main__ - INFO - Node wd:Q124072 processed.
2023-04-12 15:43:08,830 - __main__ - INFO - 119 / 200 nodes processed.
2023-04-12 15:43:31,196 - __main__ - INFO - Node wd:Q38959 processed.
2023-04-12 15:43:31,196 - __main__ - INFO - 120 / 200 nodes processed.
2023-04-12 15:43:47,300 - __main__ - INFO - Node wd:Q246514 processed.
2023-04-12 15:43:47,300 - __main__ - INFO - 121 / 200 nodes processed.
2023-04-12 15:44:02,862 - __main__ - INFO - Node wd:Q221009 processed.
2023-04-12 15:44:02,862 - __main__ - INFO - 122 / 200 nodes processed.
2023-04-12 15:44:26,943 - __main__ - INFO - Node wd:Q39093 processed.
2023-04-12 15:44:26,943 - __main__ - INFO - 123 / 200 nodes processed.
2023-04-12 15:44:42,269 - __main__ - INFO - Node wd:Q39108 processed.
2023-04-12 15:44:42,269 - __main__ - INFO - 124 / 200 nodes processed.
2023-04-12 15:44:58,425 - __main__ - INFO - Node wd:Q188688 processed.
2023-04-12 15:44:58,425 - __main__ - INFO - 125 / 200 nodes processed.
2023-04-12 15:45:24,768 - __main__ - INFO - Node wd:Q855373 processed.
2023-04-12 15:45:24,768 - __main__ - INFO - 126 / 200 nodes processed.
2023-04-12 15:45:41,072 - __main__ - INFO - Node wd:Q2163958 processed.
2023-04-12 15:45:41,072 - __main__ - INFO - 127 / 200 nodes processed.
2023-04-12 15:45:58,443 - __main__ - INFO - Node wd:Q16406 processed.
2023-04-12 15:45:58,443 - __main__ - INFO - 128 / 200 nodes processed.
2023-04-12 15:46:15,169 - __main__ - INFO - Node wd:Q162029 processed.
2023-04-12 15:46:15,169 - __main__ - INFO - 129 / 200 nodes processed.
2023-04-12 15:46:33,086 - __main__ - INFO - Node wd:Q165044 processed.
2023-04-12 15:46:33,086 - __main__ - INFO - 130 / 200 nodes processed.
2023-04-12 15:46:48,466 - __main__ - INFO - Node wd:Q2509308 processed.
2023-04-12 15:46:48,466 - __main__ - INFO - 131 / 200 nodes processed.
2023-04-12 15:47:04,553 - __main__ - INFO - Node wd:Q13402959 processed.
2023-04-12 15:47:04,553 - __main__ - INFO - 132 / 200 nodes processed.
2023-04-12 15:47:20,086 - __main__ - INFO - Node wd:Q1971570 processed.
2023-04-12 15:47:20,086 - __main__ - INFO - 133 / 200 nodes processed.
2023-04-12 15:47:35,911 - __main__ - INFO - Node wd:Q76574 processed.
2023-04-12 15:47:35,911 - __main__ - INFO - 134 / 200 nodes processed.
2023-04-12 15:47:51,921 - __main__ - INFO - Node wd:Q1153386 processed.
2023-04-12 15:47:51,921 - __main__ - INFO - 135 / 200 nodes processed.
2023-04-12 15:48:09,059 - __main__ - INFO - Node wd:Q51290 processed.
2023-04-12 15:48:09,059 - __main__ - INFO - 136 / 200 nodes processed.
2023-04-12 15:48:25,118 - __main__ - INFO - Node wd:Q472616 processed.
2023-04-12 15:48:25,118 - __main__ - INFO - 137 / 200 nodes processed.
2023-04-12 15:48:41,496 - __main__ - INFO - Node wd:Q1548030 processed.
2023-04-12 15:48:41,499 - __main__ - INFO - 138 / 200 nodes processed.
2023-04-12 15:48:57,281 - __main__ - INFO - Node wd:Q2631281 processed.
2023-04-12 15:48:57,281 - __main__ - INFO - 139 / 200 nodes processed.
2023-04-12 15:49:13,376 - __main__ - INFO - Node wd:Q43663 processed.
2023-04-12 15:49:13,376 - __main__ - INFO - 140 / 200 nodes processed.
2023-04-12 15:49:28,551 - __main__ - INFO - Node wd:Q161071 processed.
2023-04-12 15:49:28,551 - __main__ - INFO - 141 / 200 nodes processed.
2023-04-12 15:49:43,902 - __main__ - INFO - Node wd:Q38751 processed.
2023-04-12 15:49:43,902 - __main__ - INFO - 142 / 200 nodes processed.
2023-04-12 15:50:00,731 - __main__ - INFO - Node wd:Q245005 processed.
2023-04-12 15:50:00,731 - __main__ - INFO - 143 / 200 nodes processed.
2023-04-12 15:50:17,342 - __main__ - INFO - Node wd:Q22847 processed.
2023-04-12 15:50:17,342 - __main__ - INFO - 144 / 200 nodes processed.
2023-04-12 15:50:33,466 - __main__ - INFO - Node wd:Q322781 processed.
2023-04-12 15:50:33,466 - __main__ - INFO - 145 / 200 nodes processed.
2023-04-12 15:50:49,365 - __main__ - INFO - Node wd:Q38336 processed.
2023-04-12 15:50:49,365 - __main__ - INFO - 146 / 200 nodes processed.
2023-04-12 15:51:06,664 - __main__ - INFO - Node wd:Q721171 processed.
2023-04-12 15:51:06,664 - __main__ - INFO - 147 / 200 nodes processed.
2023-04-12 15:51:31,017 - __main__ - INFO - Node wd:Q129026 processed.
2023-04-12 15:51:31,017 - __main__ - INFO - 148 / 200 nodes processed.
2023-04-12 15:51:47,076 - __main__ - INFO - Node wd:Q37828 processed.
2023-04-12 15:51:47,076 - __main__ - INFO - 149 / 200 nodes processed.
2023-04-12 15:52:04,130 - __main__ - INFO - Node wd:Q192029 processed.
2023-04-12 15:52:04,130 - __main__ - INFO - 150 / 200 nodes processed.
2023-04-12 15:52:39,628 - __main__ - INFO - Node wd:Q13188 processed.
2023-04-12 15:52:39,628 - __main__ - INFO - 151 / 200 nodes processed.
2023-04-12 15:52:54,911 - __main__ - INFO - Node wd:Q906997 processed.
2023-04-12 15:52:54,911 - __main__ - INFO - 152 / 200 nodes processed.
2023-04-12 15:53:14,771 - __main__ - INFO - Node wd:Q930252 processed.
2023-04-12 15:53:14,771 - __main__ - INFO - 153 / 200 nodes processed.
2023-04-12 15:53:31,974 - __main__ - INFO - Node wd:Q243519 processed.
2023-04-12 15:53:31,974 - __main__ - INFO - 154 / 200 nodes processed.
2023-04-12 15:53:47,848 - __main__ - INFO - Node wd:Q216530 processed.
2023-04-12 15:53:47,853 - __main__ - INFO - 155 / 200 nodes processed.
2023-04-12 15:54:03,029 - __main__ - INFO - Node wd:Q37871 processed.
2023-04-12 15:54:03,029 - __main__ - INFO - 156 / 200 nodes processed.
2023-04-12 15:54:17,732 - __main__ - INFO - Node wd:Q48628631 processed.
2023-04-12 15:54:17,732 - __main__ - INFO - 157 / 200 nodes processed.
2023-04-12 15:54:37,160 - __main__ - INFO - Node wd:Q916760 processed.
2023-04-12 15:54:37,160 - __main__ - INFO - 158 / 200 nodes processed.
2023-04-12 15:54:53,037 - __main__ - INFO - Node wd:Q3256522 processed.
2023-04-12 15:54:53,037 - __main__ - INFO - 159 / 200 nodes processed.
2023-04-12 15:55:11,118 - __main__ - INFO - Node wd:Q25352 processed.
2023-04-12 15:55:11,118 - __main__ - INFO - 160 / 200 nodes processed.
2023-04-12 15:57:48,629 - __main__ - INFO - Node wd:Q5372 processed.
2023-04-12 15:57:48,629 - __main__ - INFO - 161 / 200 nodes processed.
2023-04-12 15:58:04,420 - __main__ - INFO - Node wd:Q874531 processed.
2023-04-12 15:58:04,420 - __main__ - INFO - 162 / 200 nodes processed.
2023-04-12 15:58:19,692 - __main__ - INFO - Node wd:Q861966 processed.
2023-04-12 15:58:19,692 - __main__ - INFO - 163 / 200 nodes processed.
2023-04-12 15:58:35,840 - __main__ - INFO - Node wd:Q268547 processed.
2023-04-12 15:58:35,840 - __main__ - INFO - 164 / 200 nodes processed.
2023-04-12 15:58:54,664 - __main__ - INFO - Node wd:Q193407 processed.
2023-04-12 15:58:54,664 - __main__ - INFO - 165 / 200 nodes processed.
2023-04-12 15:59:12,569 - __main__ - INFO - Node wd:Q200184 processed.
2023-04-12 15:59:12,569 - __main__ - INFO - 166 / 200 nodes processed.
2023-04-12 15:59:27,614 - __main__ - INFO - Node wd:Q10968813 processed.
2023-04-12 15:59:27,614 - __main__ - INFO - 167 / 200 nodes processed.
2023-04-12 15:59:43,334 - __main__ - INFO - Node wd:Q956956 processed.
2023-04-12 15:59:43,334 - __main__ - INFO - 168 / 200 nodes processed.
2023-04-12 16:00:05,866 - __main__ - INFO - Node wd:Q38146 processed.
2023-04-12 16:00:05,866 - __main__ - INFO - 169 / 200 nodes processed.
2023-04-12 16:00:34,163 - __main__ - INFO - Node wd:Q38965 processed.
2023-04-12 16:00:34,163 - __main__ - INFO - 170 / 200 nodes processed.
2023-04-12 16:00:50,948 - __main__ - INFO - Node wd:Q402885 processed.
2023-04-12 16:00:50,948 - __main__ - INFO - 171 / 200 nodes processed.
2023-04-12 16:01:06,740 - __main__ - INFO - Node wd:Q187780 processed.
2023-04-12 16:01:06,740 - __main__ - INFO - 172 / 200 nodes processed.
2023-04-12 16:01:22,414 - __main__ - INFO - Node wd:Q82 processed.
2023-04-12 16:01:22,414 - __main__ - INFO - 173 / 200 nodes processed.
2023-04-12 16:02:03,481 - __main__ - INFO - Node wd:Q43624 processed.
2023-04-12 16:02:03,481 - __main__ - INFO - 174 / 200 nodes processed.
2023-04-12 16:02:23,553 - __main__ - INFO - Node wd:Q2746233 processed.
2023-04-12 16:02:23,553 - __main__ - INFO - 175 / 200 nodes processed.
2023-04-12 16:02:39,866 - __main__ - INFO - Node wd:Q214638 processed.
2023-04-12 16:02:39,866 - __main__ - INFO - 176 / 200 nodes processed.
2023-04-12 16:02:57,479 - __main__ - INFO - Node wd:Q29072 processed.
2023-04-12 16:02:57,479 - __main__ - INFO - 177 / 200 nodes processed.
2023-04-12 16:03:12,790 - __main__ - INFO - Node wd:Q305718 processed.
2023-04-12 16:03:12,790 - __main__ - INFO - 178 / 200 nodes processed.
2023-04-12 16:03:28,322 - __main__ - INFO - Node wd:Q7500021 processed.
2023-04-12 16:03:28,322 - __main__ - INFO - 179 / 200 nodes processed.
2023-04-12 16:04:35,226 - __main__ - INFO - Node wd:Q8332 processed.
2023-04-12 16:04:35,226 - __main__ - INFO - 180 / 200 nodes processed.
2023-04-12 16:04:53,563 - __main__ - INFO - Node wd:Q8371 processed.
2023-04-12 16:04:53,563 - __main__ - INFO - 181 / 200 nodes processed.
2023-04-12 16:05:26,170 - __main__ - INFO - Node wd:Q42710 processed.
2023-04-12 16:05:26,170 - __main__ - INFO - 182 / 200 nodes processed.
2023-04-12 16:05:44,684 - __main__ - INFO - Node wd:Q12888135 processed.
2023-04-12 16:05:44,684 - __main__ - INFO - 183 / 200 nodes processed.
2023-04-12 16:06:04,777 - __main__ - INFO - Node wd:Q42610 processed.
2023-04-12 16:06:04,777 - __main__ - INFO - 184 / 200 nodes processed.
2023-04-12 16:06:21,294 - __main__ - INFO - Node wd:Q527395 processed.
2023-04-12 16:06:21,294 - __main__ - INFO - 185 / 200 nodes processed.
2023-04-12 16:06:36,387 - __main__ - INFO - Node wd:Q864121 processed.
2023-04-12 16:06:36,387 - __main__ - INFO - 186 / 200 nodes processed.
2023-04-12 16:06:56,341 - __main__ - INFO - Node wd:Q13233 processed.
2023-04-12 16:06:56,341 - __main__ - INFO - 187 / 200 nodes processed.
2023-04-12 16:07:11,927 - __main__ - INFO - Node wd:Q1744391 processed.
2023-04-12 16:07:11,927 - __main__ - INFO - 188 / 200 nodes processed.
2023-04-12 16:07:28,284 - __main__ - INFO - Node wd:Q17170 processed.
2023-04-12 16:07:28,284 - __main__ - INFO - 189 / 200 nodes processed.
2023-04-12 16:07:44,637 - __main__ - INFO - Node wd:Q46076 processed.
2023-04-12 16:07:44,637 - __main__ - INFO - 190 / 200 nodes processed.
2023-04-12 16:08:01,015 - __main__ - INFO - Node wd:Q80066 processed.
2023-04-12 16:08:01,015 - __main__ - INFO - 191 / 200 nodes processed.
2023-04-12 16:08:22,947 - __main__ - INFO - Node wd:Q7368 processed.
2023-04-12 16:08:22,947 - __main__ - INFO - 192 / 200 nodes processed.
2023-04-12 16:08:49,927 - __main__ - INFO - Node wd:Q48806 processed.
2023-04-12 16:08:49,927 - __main__ - INFO - 193 / 200 nodes processed.
2023-04-12 16:09:06,732 - __main__ - INFO - Node wd:Q311218 processed.
2023-04-12 16:09:06,732 - __main__ - INFO - 194 / 200 nodes processed.
2023-04-12 16:09:24,577 - __main__ - INFO - Node wd:Q168745 processed.
2023-04-12 16:09:24,577 - __main__ - INFO - 195 / 200 nodes processed.
2023-04-12 16:09:39,916 - __main__ - INFO - Node wd:Q1023646 processed.
2023-04-12 16:09:39,916 - __main__ - INFO - 196 / 200 nodes processed.
2023-04-12 16:10:00,734 - __main__ - INFO - Node wd:Q17517 processed.
2023-04-12 16:10:00,734 - __main__ - INFO - 197 / 200 nodes processed.
2023-04-12 16:10:17,945 - __main__ - INFO - Node wd:Q696265 processed.
2023-04-12 16:10:17,945 - __main__ - INFO - 198 / 200 nodes processed.
2023-04-12 16:10:34,306 - __main__ - INFO - Node wd:Q374302 processed.
2023-04-12 16:10:34,306 - __main__ - INFO - 199 / 200 nodes processed.
2023-04-12 16:10:52,081 - __main__ - INFO - Node wd:Q737988 processed.
2023-04-12 16:10:52,081 - __main__ - INFO - 200 / 200 nodes processed.
2023-04-12 16:10:55,082 - __main__ - INFO - Processing complete.
2023-04-12 16:11:08,508 - __main__ - INFO - Beginning graph construction...
