2023-04-12 15:49:39,367 - __main__ - INFO - Beginning graph construction...
2023-04-12 15:49:57,837 - __main__ - INFO - Node wd:Q37520 processed.
2023-04-12 15:49:57,837 - __main__ - INFO - 1 / 100 nodes processed.
2023-04-12 15:50:18,064 - __main__ - INFO - Node wd:Q1936093 processed.
2023-04-12 15:50:18,064 - __main__ - INFO - 2 / 100 nodes processed.
2023-04-12 15:50:35,786 - __main__ - INFO - Node wd:Q20459 processed.
2023-04-12 15:50:35,786 - __main__ - INFO - 3 / 100 nodes processed.
2023-04-12 15:50:53,369 - __main__ - INFO - Node wd:Q5840 processed.
2023-04-12 15:50:53,381 - __main__ - INFO - 4 / 100 nodes processed.
2023-04-12 15:51:13,457 - __main__ - INFO - Node wd:Q780 processed.
2023-04-12 15:51:13,459 - __main__ - INFO - 5 / 100 nodes processed.
2023-04-12 15:51:39,061 - __main__ - INFO - Node wd:Q7254 processed.
2023-04-12 15:51:39,061 - __main__ - INFO - 6 / 100 nodes processed.
2023-04-12 15:51:59,190 - __main__ - INFO - Node wd:Q274153 processed.
2023-04-12 15:51:59,190 - __main__ - INFO - 7 / 100 nodes processed.
2023-04-12 15:52:15,417 - __main__ - INFO - Node wd:Q1736293 processed.
2023-04-12 15:52:15,417 - __main__ - INFO - 8 / 100 nodes processed.
2023-04-12 15:52:34,765 - __main__ - INFO - Node wd:Q182731 processed.
2023-04-12 15:52:34,767 - __main__ - INFO - 9 / 100 nodes processed.
2023-04-12 15:52:50,668 - __main__ - INFO - Node wd:Q12714 processed.
2023-04-12 15:52:50,668 - __main__ - INFO - 10 / 100 nodes processed.
2023-04-12 15:53:08,060 - __main__ - INFO - Node wd:Q39285 processed.
2023-04-12 15:53:08,060 - __main__ - INFO - 11 / 100 nodes processed.
2023-04-12 15:53:24,735 - __main__ - INFO - Node wd:Q41607 processed.
2023-04-12 15:53:24,736 - __main__ - INFO - 12 / 100 nodes processed.
2023-04-12 15:53:48,040 - __main__ - INFO - Node wd:Q158717 processed.
2023-04-12 15:53:48,041 - __main__ - INFO - 13 / 100 nodes processed.
2023-04-12 15:54:09,510 - __main__ - INFO - Node wd:Q25327 processed.
2023-04-12 15:54:09,510 - __main__ - INFO - 14 / 100 nodes processed.
2023-04-12 15:54:25,873 - __main__ - INFO - Node wd:Q19829485 processed.
2023-04-12 15:54:25,873 - __main__ - INFO - 15 / 100 nodes processed.
2023-04-12 15:54:41,950 - __main__ - INFO - Node wd:Q1339732 processed.
2023-04-12 15:54:41,951 - __main__ - INFO - 16 / 100 nodes processed.
2023-04-12 15:54:59,812 - __main__ - INFO - Node wd:Q143912 processed.
2023-04-12 15:54:59,812 - __main__ - INFO - 17 / 100 nodes processed.
2023-04-12 15:55:15,388 - __main__ - INFO - Node wd:Q5877356 processed.
2023-04-12 15:55:15,390 - __main__ - INFO - 18 / 100 nodes processed.
2023-04-12 15:55:32,337 - __main__ - INFO - Node wd:Q2998807 processed.
2023-04-12 15:55:32,337 - __main__ - INFO - 19 / 100 nodes processed.
2023-04-12 15:55:48,941 - __main__ - INFO - Node wd:Q200764 processed.
2023-04-12 15:55:48,941 - __main__ - INFO - 20 / 100 nodes processed.
2023-04-12 15:56:04,927 - __main__ - INFO - Node wd:Q6804271 processed.
2023-04-12 15:56:04,927 - __main__ - INFO - 21 / 100 nodes processed.
2023-04-12 15:56:23,635 - __main__ - INFO - Node wd:Q159391 processed.
2023-04-12 15:56:23,635 - __main__ - INFO - 22 / 100 nodes processed.
2023-04-12 15:56:42,026 - __main__ - INFO - Node wd:Q37896 processed.
2023-04-12 15:56:42,027 - __main__ - INFO - 23 / 100 nodes processed.
2023-04-12 15:57:09,577 - __main__ - WARNING - Query for wd:Q193327 failed. Likely due to timeout. Trying again...
2023-04-12 15:57:14,225 - __main__ - INFO - Node wd:Q193327 processed.
2023-04-12 15:57:14,227 - __main__ - INFO - 24 / 100 nodes processed.
2023-04-12 15:57:30,405 - __main__ - INFO - Node wd:Q947686 processed.
2023-04-12 15:57:30,405 - __main__ - INFO - 25 / 100 nodes processed.
2023-04-12 15:57:47,502 - __main__ - INFO - Node wd:Q1004429 processed.
2023-04-12 15:57:47,502 - __main__ - INFO - 26 / 100 nodes processed.
2023-04-12 15:58:04,094 - __main__ - INFO - Node wd:Q4169287 processed.
2023-04-12 15:58:04,094 - __main__ - INFO - 27 / 100 nodes processed.
2023-04-12 15:58:20,991 - __main__ - INFO - Node wd:Q791187 processed.
2023-04-12 15:58:20,992 - __main__ - INFO - 28 / 100 nodes processed.
2023-04-12 15:58:43,415 - __main__ - INFO - Node wd:Q182916 processed.
2023-04-12 15:58:43,417 - __main__ - INFO - 29 / 100 nodes processed.
2023-04-12 15:58:59,487 - __main__ - INFO - Node wd:Q966668 processed.
2023-04-12 15:58:59,488 - __main__ - INFO - 30 / 100 nodes processed.
2023-04-12 15:59:25,496 - __main__ - INFO - Node wd:Q181055 processed.
2023-04-12 15:59:25,497 - __main__ - INFO - 31 / 100 nodes processed.
2023-04-12 15:59:44,590 - __main__ - INFO - Node wd:Q188854 processed.
2023-04-12 15:59:44,591 - __main__ - INFO - 32 / 100 nodes processed.
2023-04-12 16:00:01,924 - __main__ - INFO - Node wd:Q208043 processed.
2023-04-12 16:00:01,924 - __main__ - INFO - 33 / 100 nodes processed.
2023-04-12 16:00:17,519 - __main__ - INFO - Node wd:Q38375 processed.
2023-04-12 16:00:17,520 - __main__ - INFO - 34 / 100 nodes processed.
2023-04-12 16:00:37,598 - __main__ - INFO - Node wd:Q189609 processed.
2023-04-12 16:00:37,598 - __main__ - INFO - 35 / 100 nodes processed.
2023-04-12 16:01:05,297 - __main__ - INFO - Node wd:Q27046 processed.
2023-04-12 16:01:05,297 - __main__ - INFO - 36 / 100 nodes processed.
2023-04-12 16:01:25,608 - __main__ - INFO - Node wd:Q46740 processed.
2023-04-12 16:01:25,608 - __main__ - INFO - 37 / 100 nodes processed.
2023-04-12 16:01:57,290 - __main__ - INFO - Node wd:Q37514 processed.
2023-04-12 16:01:57,292 - __main__ - INFO - 38 / 100 nodes processed.
2023-04-12 16:02:14,904 - __main__ - INFO - Node wd:Q182995 processed.
2023-04-12 16:02:14,904 - __main__ - INFO - 39 / 100 nodes processed.
2023-04-12 16:02:32,905 - __main__ - INFO - Node wd:Q260521 processed.
2023-04-12 16:02:32,905 - __main__ - INFO - 40 / 100 nodes processed.
2023-04-12 16:02:57,459 - __main__ - INFO - Node wd:Q721747 processed.
2023-04-12 16:02:57,459 - __main__ - INFO - 41 / 100 nodes processed.
2023-04-12 16:03:15,100 - __main__ - INFO - Node wd:Q838747 processed.
2023-04-12 16:03:15,100 - __main__ - INFO - 42 / 100 nodes processed.
2023-04-12 16:03:31,774 - __main__ - INFO - Node wd:Q21755 processed.
2023-04-12 16:03:31,774 - __main__ - INFO - 43 / 100 nodes processed.
2023-04-12 16:03:47,453 - __main__ - INFO - Node wd:Q83809 processed.
2023-04-12 16:03:47,454 - __main__ - INFO - 44 / 100 nodes processed.
2023-04-12 16:04:04,634 - __main__ - INFO - Node wd:Q258896 processed.
2023-04-12 16:04:04,634 - __main__ - INFO - 45 / 100 nodes processed.
2023-04-12 16:04:22,558 - __main__ - INFO - Node wd:Q6817227 processed.
2023-04-12 16:04:22,558 - __main__ - INFO - 46 / 100 nodes processed.
2023-04-12 16:04:41,633 - __main__ - INFO - Node wd:Q235356 processed.
2023-04-12 16:04:41,633 - __main__ - INFO - 47 / 100 nodes processed.
2023-04-12 16:04:58,958 - __main__ - INFO - Node wd:Q104555 processed.
2023-04-12 16:04:58,959 - __main__ - INFO - 48 / 100 nodes processed.
2023-04-12 16:05:16,119 - __main__ - INFO - Node wd:Q159998 processed.
2023-04-12 16:05:16,119 - __main__ - INFO - 49 / 100 nodes processed.
2023-04-12 16:05:36,698 - __main__ - INFO - Node wd:Q38467 processed.
2023-04-12 16:05:36,699 - __main__ - INFO - 50 / 100 nodes processed.
2023-04-12 16:05:58,573 - __main__ - INFO - Node wd:Q156438 processed.
2023-04-12 16:05:58,573 - __main__ - INFO - 51 / 100 nodes processed.
2023-04-12 16:06:18,177 - __main__ - INFO - Node wd:Q178692 processed.
2023-04-12 16:06:18,177 - __main__ - INFO - 52 / 100 nodes processed.
2023-04-12 16:06:35,879 - __main__ - INFO - Node wd:Q4063215 processed.
2023-04-12 16:06:35,879 - __main__ - INFO - 53 / 100 nodes processed.
2023-04-12 16:06:58,004 - __main__ - INFO - Node wd:Q38856 processed.
2023-04-12 16:06:58,004 - __main__ - INFO - 54 / 100 nodes processed.
2023-04-12 16:07:14,058 - __main__ - INFO - Node wd:Q1318959 processed.
2023-04-12 16:07:14,058 - __main__ - INFO - 55 / 100 nodes processed.
2023-04-12 16:07:31,808 - __main__ - INFO - Node wd:Q912010 processed.
2023-04-12 16:07:31,808 - __main__ - INFO - 56 / 100 nodes processed.
2023-04-12 16:07:53,015 - __main__ - INFO - Node wd:Q625151 processed.
2023-04-12 16:07:53,015 - __main__ - INFO - 57 / 100 nodes processed.
2023-04-12 16:08:18,807 - __main__ - INFO - Node wd:Q39357 processed.
2023-04-12 16:08:18,808 - __main__ - INFO - 58 / 100 nodes processed.
2023-04-12 16:08:42,249 - __main__ - INFO - Node wd:Q213761 processed.
2023-04-12 16:08:42,250 - __main__ - INFO - 59 / 100 nodes processed.
2023-04-12 16:08:59,031 - __main__ - INFO - Node wd:Q1820061 processed.
2023-04-12 16:08:59,031 - __main__ - INFO - 60 / 100 nodes processed.
2023-04-12 16:09:16,869 - __main__ - INFO - Node wd:Q18099 processed.
2023-04-12 16:09:16,869 - __main__ - INFO - 61 / 100 nodes processed.
2023-04-12 16:09:36,449 - __main__ - INFO - Node wd:Q5185 processed.
2023-04-12 16:09:36,449 - __main__ - INFO - 62 / 100 nodes processed.
2023-04-12 16:09:58,973 - __main__ - INFO - Node wd:Q38688 processed.
2023-04-12 16:09:58,975 - __main__ - INFO - 63 / 100 nodes processed.
2023-04-12 16:10:16,033 - __main__ - INFO - Node wd:Q308841 processed.
2023-04-12 16:10:16,035 - __main__ - INFO - 64 / 100 nodes processed.
2023-04-12 16:10:32,422 - __main__ - INFO - Node wd:Q258244 processed.
2023-04-12 16:10:32,423 - __main__ - INFO - 65 / 100 nodes processed.
2023-04-12 16:10:49,987 - __main__ - INFO - Node wd:Q689880 processed.
2023-04-12 16:10:49,988 - __main__ - INFO - 66 / 100 nodes processed.
2023-04-12 16:11:06,232 - __main__ - INFO - Node wd:Q1138187 processed.
2023-04-12 16:11:06,232 - __main__ - INFO - 67 / 100 nodes processed.
2023-04-12 16:11:24,030 - __main__ - INFO - Node wd:Q170544 processed.
2023-04-12 16:11:24,030 - __main__ - INFO - 68 / 100 nodes processed.
2023-04-12 16:11:42,577 - __main__ - INFO - Node wd:Q1295201 processed.
2023-04-12 16:11:42,578 - __main__ - INFO - 69 / 100 nodes processed.
2023-04-12 16:11:58,385 - __main__ - INFO - Node wd:Q45778 processed.
2023-04-12 16:11:58,385 - __main__ - INFO - 70 / 100 nodes processed.
2023-04-12 16:12:15,151 - __main__ - INFO - Node wd:Q37782 processed.
2023-04-12 16:12:15,153 - __main__ - INFO - 71 / 100 nodes processed.
2023-04-12 16:12:33,788 - __main__ - INFO - Node wd:Q25309 processed.
2023-04-12 16:12:33,788 - __main__ - INFO - 72 / 100 nodes processed.
2023-04-12 16:12:50,307 - __main__ - INFO - Node wd:Q332050 processed.
2023-04-12 16:12:50,308 - __main__ - INFO - 73 / 100 nodes processed.
2023-04-12 16:13:07,020 - __main__ - INFO - Node wd:Q953960 processed.
2023-04-12 16:13:07,021 - __main__ - INFO - 74 / 100 nodes processed.
2023-04-12 16:13:23,513 - __main__ - INFO - Node wd:Q14963 processed.
2023-04-12 16:13:23,514 - __main__ - INFO - 75 / 100 nodes processed.
2023-04-12 16:13:52,668 - __main__ - INFO - Node wd:Q899959 processed.
2023-04-12 16:13:52,668 - __main__ - INFO - 76 / 100 nodes processed.
2023-04-12 16:14:21,755 - __main__ - INFO - Node wd:Q744532 processed.
2023-04-12 16:14:21,756 - __main__ - INFO - 77 / 100 nodes processed.
2023-04-12 16:14:56,634 - __main__ - INFO - Node wd:Q11575 processed.
2023-04-12 16:14:56,635 - __main__ - INFO - 78 / 100 nodes processed.
2023-04-12 16:15:21,562 - __main__ - INFO - Node wd:Q140 processed.
2023-04-12 16:15:21,562 - __main__ - INFO - 79 / 100 nodes processed.
2023-04-12 16:15:40,992 - __main__ - INFO - Node wd:Q979531 processed.
2023-04-12 16:15:40,992 - __main__ - INFO - 80 / 100 nodes processed.
2023-04-12 16:16:03,551 - __main__ - INFO - Node wd:Q725276 processed.
2023-04-12 16:16:03,552 - __main__ - INFO - 81 / 100 nodes processed.
2023-04-12 16:16:20,214 - __main__ - INFO - Node wd:Q1190275 processed.
2023-04-12 16:16:20,215 - __main__ - INFO - 82 / 100 nodes processed.
2023-04-12 16:16:37,188 - __main__ - INFO - Node wd:Q1317634 processed.
2023-04-12 16:16:37,190 - __main__ - INFO - 83 / 100 nodes processed.
2023-04-12 16:16:57,674 - __main__ - INFO - Node wd:Q189299 processed.
2023-04-12 16:16:57,674 - __main__ - INFO - 84 / 100 nodes processed.
2023-04-12 16:17:15,316 - __main__ - INFO - Node wd:Q38761 processed.
2023-04-12 16:17:15,316 - __main__ - INFO - 85 / 100 nodes processed.
2023-04-12 16:17:31,334 - __main__ - INFO - Node wd:Q1572168 processed.
2023-04-12 16:17:31,334 - __main__ - INFO - 86 / 100 nodes processed.
2023-04-12 16:17:49,275 - __main__ - INFO - Node wd:Q697196 processed.
2023-04-12 16:17:49,275 - __main__ - INFO - 87 / 100 nodes processed.
2023-04-12 16:18:11,917 - __main__ - INFO - Node wd:Q170980 processed.
2023-04-12 16:18:11,918 - __main__ - INFO - 88 / 100 nodes processed.
2023-04-12 16:18:30,516 - __main__ - INFO - Node wd:Q172226 processed.
2023-04-12 16:18:30,518 - __main__ - INFO - 89 / 100 nodes processed.
2023-04-12 16:18:47,153 - __main__ - INFO - Node wd:Q187140 processed.
2023-04-12 16:18:47,153 - __main__ - INFO - 90 / 100 nodes processed.
2023-04-12 16:19:02,744 - __main__ - INFO - Node wd:Q38047 processed.
2023-04-12 16:19:02,744 - __main__ - INFO - 91 / 100 nodes processed.
2023-04-12 16:19:19,656 - __main__ - INFO - Node wd:Q189114 processed.
2023-04-12 16:19:19,656 - __main__ - INFO - 92 / 100 nodes processed.
2023-04-12 16:19:38,517 - __main__ - INFO - Node wd:Q189466 processed.
2023-04-12 16:19:38,519 - __main__ - INFO - 93 / 100 nodes processed.
2023-04-12 16:19:57,296 - __main__ - INFO - Node wd:Q6573 processed.
2023-04-12 16:19:57,297 - __main__ - INFO - 94 / 100 nodes processed.
2023-04-12 16:20:24,464 - __main__ - INFO - Node wd:Q124900 processed.
2023-04-12 16:20:24,464 - __main__ - INFO - 95 / 100 nodes processed.
2023-04-12 16:20:40,649 - __main__ - INFO - Node wd:Q17053748 processed.
2023-04-12 16:20:40,649 - __main__ - INFO - 96 / 100 nodes processed.
2023-04-12 16:20:56,477 - __main__ - INFO - Node wd:Q412770 processed.
2023-04-12 16:20:56,479 - __main__ - INFO - 97 / 100 nodes processed.
2023-04-12 16:21:12,061 - __main__ - INFO - Node wd:Q1370169 processed.
2023-04-12 16:21:12,061 - __main__ - INFO - 98 / 100 nodes processed.
2023-04-12 16:21:28,202 - __main__ - INFO - Node wd:Q127956 processed.
2023-04-12 16:21:28,202 - __main__ - INFO - 99 / 100 nodes processed.
2023-04-12 16:21:47,470 - __main__ - INFO - Node wd:Q7295 processed.
2023-04-12 16:21:47,470 - __main__ - INFO - 100 / 100 nodes processed.
2023-04-12 16:21:50,477 - __main__ - INFO - Processing complete.
